Operating system: Microsoft Windows NT 6.2.9200.0
Opening INI file "C:\Users\Administrator\Documents\GitHub\Sonic-1-Jacob-Edition\Sonic 1 2005 INIs\SonLVL.ini"...
Game type is S1.
Loading Green Hill Zone Act 2...
Loading palette file "../pallet/sonic.bin"...
Source: 0 Destination: 0 Length: 16
Loading palette file "../pallet/ghz.bin"...
Source: 0 Destination: 16 Length: 48
Loading 256x256 chunks from file "../map256/ghz.bin", using compression Kosinski...
Loading 16x16 blocks from file "../map16/ghz.bin", using compression Enigma...
Loading 8x8 tiles from file "../artnem_u/8x8ghz.bin", using compression Uncompressed...
Loading FG layout from file "../levels/ghz2.bin", using compression Uncompressed...
Loading BG layout from file "../levels/ghzbg.bin", using compression Uncompressed...
Loading FG layout from file "../levels/ghz1.bin", using compression Uncompressed...
Loading FG layout from file "../levels/ghz3.bin", using compression Uncompressed...
Loading FG layout from file "../levels/ending.bin", using compression Uncompressed...
Loading object definition file "obj.ini".
Loading object definition file "objGHZ.ini".
Loading ObjectDefinition type S1ObjectDefinitions.Common.Ring from "Common\Ring.cs"...
Loading type from cached assembly "dllcache\S1ObjectDefinitions.Common.Ring.dll"...
Loading ObjectDefinition type S1ObjectDefinitions.Common.InvisibleBlock from "Common\InvisibleBlock.cs"...
Loading type from cached assembly "dllcache\S1ObjectDefinitions.Common.InvisibleBlock.dll"...
Loading ObjectDefinition type S1ObjectDefinitions.GHZ.Bridge from "GHZ\Bridge.cs"...
Loading type from cached assembly "dllcache\S1ObjectDefinitions.GHZ.Bridge.dll"...
Loading ObjectDefinition type S1ObjectDefinitions.GHZ.SwingingPlatform from "GHZ\SwingingPlatform.cs"...
Loading type from cached assembly "dllcache\S1ObjectDefinitions.GHZ.SwingingPlatform.dll"...
Loading ObjectDefinition type S1ObjectDefinitions.GHZ.SpikedPole from "GHZ\SpikedPole.cs"...
Loading type from cached assembly "dllcache\S1ObjectDefinitions.GHZ.SpikedPole.dll"...
Loading objects from file "../objpos/ghz2.bin", using compression Uncompressed...
Loading start position "Level Start" from file "../misc/sloc_lev.bin"...
Drawing block bitmaps...
Drawing chunk bitmaps...
Level loaded in 0.2680679 second(s).
Load completed.
Saving Green Hill Zone Act 2...
Saving Green Hill Zone Act 2...
Saving Green Hill Zone Act 2...
Saving Green Hill Zone Act 2...
Saving Green Hill Zone Act 2...
Saving Green Hill Zone Act 2...
Saving Green Hill Zone Act 2...
Saving Green Hill Zone Act 2...
Saving Green Hill Zone Act 2...
Saving Green Hill Zone Act 2...
Saving Green Hill Zone Act 2...
Saving Green Hill Zone Act 2...
Saving Green Hill Zone Act 2...
Saving Green Hill Zone Act 2...
Saving Green Hill Zone Act 2...
Saving Green Hill Zone Act 2...
Saving Green Hill Zone Act 2...
Saving Green Hill Zone Act 2...
Saving Green Hill Zone Act 2...
Saving Green Hill Zone Act 2...
Saving Green Hill Zone Act 2...
Saving Green Hill Zone Act 2...
Saving Green Hill Zone Act 2...
Saving Green Hill Zone Act 2...
Saving Green Hill Zone Act 2...
Saving Green Hill Zone Act 2...
Loading Green Hill Zone Act 3...
Loading palette file "../pallet/sonic.bin"...
Source: 0 Destination: 0 Length: 16
Loading 8x8 tiles from file "../artnem_u/8x8ghz.bin", using compression Uncompressed...
Loading FG layout from file "../levels/ghz3.bin", using compression Uncompressed...
Loading 16x16 blocks from file "../map16/ghz.bin", using compression Enigma...
Loading 256x256 chunks from file "../map256/ghz.bin", using compression Kosinski...
Loading palette file "../pallet/ghz.bin"...
Source: 0 Destination: 16 Length: 48
Loading BG layout from file "../levels/ghzbg.bin", using compression Uncompressed...
Loading FG layout from file "../levels/ghz1.bin", using compression Uncompressed...
Loading FG layout from file "../levels/ghz2.bin", using compression Uncompressed...
Loading FG layout from file "../levels/ending.bin", using compression Uncompressed...
Loading object definition file "obj.ini".
Loading object definition file "objGHZ.ini".
Loading ObjectDefinition type S1ObjectDefinitions.Common.Ring from "Common\Ring.cs"...
Loading type from cached assembly "dllcache\S1ObjectDefinitions.Common.Ring.dll"...
Loading ObjectDefinition type S1ObjectDefinitions.Common.InvisibleBlock from "Common\InvisibleBlock.cs"...
Loading type from cached assembly "dllcache\S1ObjectDefinitions.Common.InvisibleBlock.dll"...
Loading ObjectDefinition type S1ObjectDefinitions.GHZ.Bridge from "GHZ\Bridge.cs"...
Loading ObjectDefinition type S1ObjectDefinitions.GHZ.SwingingPlatform from "GHZ\SwingingPlatform.cs"...
Loading ObjectDefinition type S1ObjectDefinitions.GHZ.SpikedPole from "GHZ\SpikedPole.cs"...
Loading type from cached assembly "dllcache\S1ObjectDefinitions.GHZ.SwingingPlatform.dll"...
Loading type from cached assembly "dllcache\S1ObjectDefinitions.GHZ.Bridge.dll"...
Loading type from cached assembly "dllcache\S1ObjectDefinitions.GHZ.SpikedPole.dll"...
Loading start position "Level Start" from file "../misc/sloc_lev.bin"...
Loading objects from file "../objpos/ghz3.bin", using compression Uncompressed...
Drawing block bitmaps...
Drawing chunk bitmaps...
Level loaded in 0.1159523 second(s).
Load completed.
Loading Green Hill Zone Act 2...
Loading 16x16 blocks from file "../map16/ghz.bin", using compression Enigma...
Loading 8x8 tiles from file "../artnem_u/8x8ghz.bin", using compression Uncompressed...
Loading palette file "../pallet/sonic.bin"...
Source: 0 Destination: 0 Length: 16
Loading 256x256 chunks from file "../map256/ghz.bin", using compression Kosinski...
Loading FG layout from file "../levels/ghz2.bin", using compression Uncompressed...
Loading BG layout from file "../levels/ghzbg.bin", using compression Uncompressed...
Loading palette file "../pallet/ghz.bin"...
Source: 0 Destination: 16 Length: 48
Loading FG layout from file "../levels/ghz1.bin", using compression Uncompressed...
Loading FG layout from file "../levels/ghz3.bin", using compression Uncompressed...
Loading FG layout from file "../levels/ending.bin", using compression Uncompressed...
Loading object definition file "obj.ini".
Loading object definition file "objGHZ.ini".
Loading ObjectDefinition type S1ObjectDefinitions.Common.Ring from "Common\Ring.cs"...
Loading type from cached assembly "dllcache\S1ObjectDefinitions.Common.Ring.dll"...
Loading ObjectDefinition type S1ObjectDefinitions.Common.InvisibleBlock from "Common\InvisibleBlock.cs"...
Loading type from cached assembly "dllcache\S1ObjectDefinitions.Common.InvisibleBlock.dll"...
Loading ObjectDefinition type S1ObjectDefinitions.GHZ.Bridge from "GHZ\Bridge.cs"...
Loading ObjectDefinition type S1ObjectDefinitions.GHZ.SpikedPole from "GHZ\SpikedPole.cs"...
Loading type from cached assembly "dllcache\S1ObjectDefinitions.GHZ.Bridge.dll"...
Loading type from cached assembly "dllcache\S1ObjectDefinitions.GHZ.SpikedPole.dll"...
Loading ObjectDefinition type S1ObjectDefinitions.GHZ.SwingingPlatform from "GHZ\SwingingPlatform.cs"...
Loading type from cached assembly "dllcache\S1ObjectDefinitions.GHZ.SwingingPlatform.dll"...
Loading start position "Level Start" from file "../misc/sloc_lev.bin"...
Loading objects from file "../objpos/ghz2.bin", using compression Uncompressed...
Drawing block bitmaps...
Drawing chunk bitmaps...
Level loaded in 0.1150838 second(s).
Load completed.
Loading Green Hill Zone Act 3...
Loading palette file "../pallet/sonic.bin"...
Source: 0 Destination: 0 Length: 16
Loading 16x16 blocks from file "../map16/ghz.bin", using compression Enigma...
Loading 256x256 chunks from file "../map256/ghz.bin", using compression Kosinski...
Loading FG layout from file "../levels/ghz3.bin", using compression Uncompressed...
Loading 8x8 tiles from file "../artnem_u/8x8ghz.bin", using compression Uncompressed...
Loading palette file "../pallet/ghz.bin"...
Source: 0 Destination: 16 Length: 48
Loading BG layout from file "../levels/ghzbg.bin", using compression Uncompressed...
Loading FG layout from file "../levels/ghz1.bin", using compression Uncompressed...
Loading FG layout from file "../levels/ghz2.bin", using compression Uncompressed...
Loading FG layout from file "../levels/ending.bin", using compression Uncompressed...
Loading object definition file "obj.ini".
Loading object definition file "objGHZ.ini".
Loading ObjectDefinition type S1ObjectDefinitions.Common.Ring from "Common\Ring.cs"...
Loading type from cached assembly "dllcache\S1ObjectDefinitions.Common.Ring.dll"...
Loading ObjectDefinition type S1ObjectDefinitions.Common.InvisibleBlock from "Common\InvisibleBlock.cs"...
Loading type from cached assembly "dllcache\S1ObjectDefinitions.Common.InvisibleBlock.dll"...
Loading ObjectDefinition type S1ObjectDefinitions.GHZ.SwingingPlatform from "GHZ\SwingingPlatform.cs"...
Loading type from cached assembly "dllcache\S1ObjectDefinitions.GHZ.SwingingPlatform.dll"...
Loading ObjectDefinition type S1ObjectDefinitions.GHZ.SpikedPole from "GHZ\SpikedPole.cs"...
Loading type from cached assembly "dllcache\S1ObjectDefinitions.GHZ.SpikedPole.dll"...
Loading ObjectDefinition type S1ObjectDefinitions.GHZ.Bridge from "GHZ\Bridge.cs"...
Loading type from cached assembly "dllcache\S1ObjectDefinitions.GHZ.Bridge.dll"...
Loading start position "Level Start" from file "../misc/sloc_lev.bin"...
Loading objects from file "../objpos/ghz3.bin", using compression Uncompressed...
Drawing block bitmaps...
Drawing chunk bitmaps...
Level loaded in 0.1166809 second(s).
Load completed.
Saving Green Hill Zone Act 3...
Saving Green Hill Zone Act 3...
Saving Green Hill Zone Act 3...
System.ArgumentOutOfRangeException: Value of '-50' is not valid for 'Value'. 'Value' should be between 'minimum' and 'maximum'.
Parameter name: Value
   at System.Windows.Forms.ScrollBar.set_Value(Int32 value)
   at SonicRetro.SonLVL.ScrollingPanel.set_VScrollValue(Int32 value) in E:\Programs\SonLVL\SonLVL\ScrollingPanel.cs:line 63
   at SonicRetro.SonLVL.GUI.MainForm.objectPanel_KeyDown(Object sender, KeyEventArgs e) in E:\Programs\SonLVL\SonLVL\MainForm.cs:line 2090
   at System.Windows.Forms.KeyEventHandler.Invoke(Object sender, KeyEventArgs e)
   at SonicRetro.SonLVL.ScrollingPanel.panel_KeyDown(Object sender, KeyEventArgs e) in E:\Programs\SonLVL\SonLVL\ScrollingPanel.cs:line 130
   at System.Windows.Forms.Control.OnKeyDown(KeyEventArgs e)
   at System.Windows.Forms.Control.ProcessKeyEventArgs(Message& m)
   at System.Windows.Forms.Control.ProcessKeyMessage(Message& m)
   at System.Windows.Forms.Control.WmKeyChar(Message& m)
   at System.Windows.Forms.Control.WndProc(Message& m)
   at System.Windows.Forms.ScrollableControl.WndProc(Message& m)
   at System.Windows.Forms.UserControl.WndProc(Message& m)
   at System.Windows.Forms.Control.ControlNativeWindow.OnMessage(Message& m)
   at System.Windows.Forms.Control.ControlNativeWindow.WndProc(Message& m)
   at System.Windows.Forms.NativeWindow.Callback(IntPtr hWnd, Int32 msg, IntPtr wparam, IntPtr lparam)
Saving Green Hill Zone Act 3...
System.ArgumentOutOfRangeException: Value of '-50' is not valid for 'Value'. 'Value' should be between 'minimum' and 'maximum'.
Parameter name: Value
   at System.Windows.Forms.ScrollBar.set_Value(Int32 value)
   at SonicRetro.SonLVL.ScrollingPanel.set_VScrollValue(Int32 value) in E:\Programs\SonLVL\SonLVL\ScrollingPanel.cs:line 63
   at SonicRetro.SonLVL.GUI.MainForm.objectPanel_KeyDown(Object sender, KeyEventArgs e) in E:\Programs\SonLVL\SonLVL\MainForm.cs:line 2090
   at System.Windows.Forms.KeyEventHandler.Invoke(Object sender, KeyEventArgs e)
   at SonicRetro.SonLVL.ScrollingPanel.panel_KeyDown(Object sender, KeyEventArgs e) in E:\Programs\SonLVL\SonLVL\ScrollingPanel.cs:line 130
   at System.Windows.Forms.Control.OnKeyDown(KeyEventArgs e)
   at System.Windows.Forms.Control.ProcessKeyEventArgs(Message& m)
   at System.Windows.Forms.Control.ProcessKeyMessage(Message& m)
   at System.Windows.Forms.Control.WmKeyChar(Message& m)
   at System.Windows.Forms.Control.WndProc(Message& m)
   at System.Windows.Forms.ScrollableControl.WndProc(Message& m)
   at System.Windows.Forms.UserControl.WndProc(Message& m)
   at System.Windows.Forms.Control.ControlNativeWindow.OnMessage(Message& m)
   at System.Windows.Forms.Control.ControlNativeWindow.WndProc(Message& m)
   at System.Windows.Forms.NativeWindow.Callback(IntPtr hWnd, Int32 msg, IntPtr wparam, IntPtr lparam)
